<?xml version="1.0" encoding="UTF-8"?>
<!-- Generated by org.testng.reporters.JUnitXMLReporter -->
<testsuite hostname="HP" name="Surefire test" tests="9" failures="0" timestamp="18 Jul 2021 09:36:23 GMT" time="258.833" errors="0">
  <testcase name="openWebSite" time="12.028" classname="com.IdentifyCourse.FormFillingTestCase"/>
  <testcase name="enterprise" time="42.118" classname="com.IdentifyCourse.FormFillingTestCase"/>
  <testcase name="formfilling" time="7.754" classname="com.IdentifyCourse.FormFillingTestCase"/>
  <testcase name="openWebSite" time="14.252" classname="com.IdentifyCourse.IdentifyCourseTestCase"/>
  <testcase name="execution" time="90.619" classname="com.IdentifyCourse.IdentifyCourseTestCase"/>
  <testcase name="openWebSite" time="11.658" classname="com.IdentifyCourse.LanguageLearningTestCase"/>
  <testcase name="secondCourse" time="13.968" classname="com.IdentifyCourse.LanguageLearningTestCase"/>
  <testcase name="selectLanguage2" time="34.724" classname="com.IdentifyCourse.LanguageLearningTestCase"/>
  <testcase name="selectLevel2" time="1.094" classname="com.IdentifyCourse.LanguageLearningTestCase"/>
</testsuite> <!-- Surefire test -->
