<?xml version="1.0" encoding="UTF-8"?>
<!-- Generated by org.testng.reporters.JUnitXMLReporter -->
<testsuite hostname="HP" failures="0" tests="4" name="Test1" time="267.961" errors="0" timestamp="19 Jul 2021 05:38:33 GMT">
  <testcase classname="com.IdentifyCourse.LanguageLearningTestCase" name="openWebSite" time="37.961"/>
  <testcase classname="com.IdentifyCourse.LanguageLearningTestCase" name="secondCourse" time="51.445"/>
  <testcase classname="com.IdentifyCourse.LanguageLearningTestCase" name="selectLanguage2" time="118.817"/>
  <testcase classname="com.IdentifyCourse.LanguageLearningTestCase" name="selectLevel2" time="1.604"/>
</testsuite> <!-- Test1 -->
