<?xml version="1.0" encoding="UTF-8"?>
<!-- Generated by org.testng.reporters.JUnitXMLReporter -->
<testsuite hostname="HP" failures="0" tests="3" name="Test2" time="201.425" errors="0" timestamp="19 Jul 2021 05:41:55 GMT">
  <testcase classname="com.IdentifyCourse.FormFillingTestCase" name="openWebSite" time="31.578"/>
  <testcase classname="com.IdentifyCourse.FormFillingTestCase" name="enterprise" time="132.567"/>
  <testcase classname="com.IdentifyCourse.FormFillingTestCase" name="formfilling" time="19.016"/>
</testsuite> <!-- Test2 -->
