<?xml version="1.0" encoding="UTF-8"?>
<!-- Generated by org.testng.reporters.JUnitXMLReporter -->
<testsuite hostname="HP" failures="0" tests="4" name="Test1" time="47.601" errors="0" timestamp="18 Jul 2021 08:53:13 GMT">
  <testcase classname="com.IdentifyCourse.LanguageLearningTestCase" name="openWebSite" time="6.805"/>
  <testcase classname="com.IdentifyCourse.LanguageLearningTestCase" name="secondCourse" time="7.491"/>
  <testcase classname="com.IdentifyCourse.LanguageLearningTestCase" name="selectLanguage2" time="24.857"/>
  <testcase classname="com.IdentifyCourse.LanguageLearningTestCase" name="selectLevel2" time="0.876"/>
</testsuite> <!-- Test1 -->
