<?xml version="1.0" encoding="UTF-8"?>
<!-- Generated by org.testng.reporters.JUnitXMLReporter -->
<testsuite hostname="HP" failures="0" tests="3" name="Test2" time="46.858" errors="0" timestamp="18 Jul 2021 08:54:00 GMT">
  <testcase classname="com.IdentifyCourse.FormFillingTestCase" name="openWebSite" time="10.144"/>
  <testcase classname="com.IdentifyCourse.FormFillingTestCase" name="enterprise" time="24.131"/>
  <testcase classname="com.IdentifyCourse.FormFillingTestCase" name="formfilling" time="7.628"/>
</testsuite> <!-- Test2 -->
