<?xml version="1.0" encoding="UTF-8"?>
<!-- Generated by org.testng.reporters.JUnitXMLReporter -->
<testsuite hostname="HP" failures="0" tests="4" name="Test" time="50.226" errors="0" timestamp="15 Jul 2021 19:02:31 GMT">
  <testcase classname="com.IdentifyCourse.LanguageLearningTestCase" name="openWebSite" time="11.17"/>
  <testcase classname="com.IdentifyCourse.LanguageLearningTestCase" name="secondCourse" time="10.988"/>
  <testcase classname="com.IdentifyCourse.LanguageLearningTestCase" name="selectLanguage2" time="27.115"/>
  <testcase classname="com.IdentifyCourse.LanguageLearningTestCase" name="selectLevel2" time="0.868"/>
</testsuite> <!-- Test -->
