<?xml version="1.0" encoding="UTF-8"?>
<testsuite xmlns:xsi="http://www.w3.org/2001/XMLSchema-instance" xsi:noNamespaceSchemaLocation="https://maven.apache.org/surefire/maven-surefire-plugin/xsd/surefire-test-report.xsd" name="com.IdentifyCourse.LanguageLearningTestCase" time="85.692" tests="4" errors="0" skipped="0" failures="0">
  <properties>
[...]
</properties>
  <testcase name="openWebSite" classname="com.IdentifyCourse.LanguageLearningTestCase" time="8.326"/>
  <testcase name="secondCourse" classname="com.IdentifyCourse.LanguageLearningTestCase" time="23.057"/>
  <testcase name="selectLanguage2" classname="com.IdentifyCourse.LanguageLearningTestCase" time="26.998"/>
  <testcase name="selectLevel2" classname="com.IdentifyCourse.LanguageLearningTestCase" time="1.274"/>
</testsuite>