<?xml version="1.0" encoding="UTF-8"?>
<testng-results total="4" passed="4" failed="0" skipped="0">
  <reporter-output>
  </reporter-output>
  <suite started-at="2021-07-15T19:06:54Z" name="Surefire suite" finished-at="2021-07-15T19:07:54Z" duration-ms="59710">
    <groups>
      <group name="Regression">
        <method signature="LanguageLearningTestCase.openWebSite()[pri:0, instance:com.IdentifyCourse.LanguageLearningTestCase@29626d54]" name="openWebSite" class="com.IdentifyCourse.LanguageLearningTestCase"/>
      </group> <!-- Regression -->
      <group name="Smoke">
        <method signature="LanguageLearningTestCase.secondCourse()[pri:0, instance:com.IdentifyCourse.LanguageLearningTestCase@29626d54]" name="secondCourse" class="com.IdentifyCourse.LanguageLearningTestCase"/>
        <method signature="LanguageLearningTestCase.selectLanguage2()[pri:0, instance:com.IdentifyCourse.LanguageLearningTestCase@29626d54]" name="selectLanguage2" class="com.IdentifyCourse.LanguageLearningTestCase"/>
        <method signature="LanguageLearningTestCase.selectLevel2()[pri:0, instance:com.IdentifyCourse.LanguageLearningTestCase@29626d54]" name="selectLevel2" class="com.IdentifyCourse.LanguageLearningTestCase"/>
      </group> <!-- Smoke -->
    </groups>
    <test started-at="2021-07-15T19:06:54Z" name="Surefire test" finished-at="2021-07-15T19:07:54Z" duration-ms="59710">
      <class name="com.IdentifyCourse.LanguageLearningTestCase">
        <test-method is-config="true" signature="beforeClass()[pri:0, instance:com.IdentifyCourse.LanguageLearningTestCase@29626d54]" started-at="2021-07-16T00:36:45Z" name="beforeClass" finished-at="2021-07-16T00:36:54Z" duration-ms="9202" status="PASS">
          <reporter-output>
          </reporter-output>
        </test-method> <!-- beforeClass -->
        <test-method signature="openWebSite()[pri:0, instance:com.IdentifyCourse.LanguageLearningTestCase@29626d54]" started-at="2021-07-16T00:36:54Z" name="openWebSite" finished-at="2021-07-16T00:37:03Z" duration-ms="8326" status="PASS">
          <reporter-output>
          </reporter-output>
        </test-method> <!-- openWebSite -->
        <test-method signature="secondCourse()[pri:0, instance:com.IdentifyCourse.LanguageLearningTestCase@29626d54]" started-at="2021-07-16T00:37:03Z" name="secondCourse" finished-at="2021-07-16T00:37:26Z" duration-ms="23058" status="PASS">
          <reporter-output>
          </reporter-output>
        </test-method> <!-- secondCourse -->
        <test-method signature="selectLanguage2()[pri:0, instance:com.IdentifyCourse.LanguageLearningTestCase@29626d54]" started-at="2021-07-16T00:37:26Z" name="selectLanguage2" finished-at="2021-07-16T00:37:53Z" duration-ms="26999" status="PASS">
          <reporter-output>
          </reporter-output>
        </test-method> <!-- selectLanguage2 -->
        <test-method signature="selectLevel2()[pri:0, instance:com.IdentifyCourse.LanguageLearningTestCase@29626d54]" started-at="2021-07-16T00:37:53Z" name="selectLevel2" finished-at="2021-07-16T00:37:54Z" duration-ms="1274" status="PASS">
          <reporter-output>
          </reporter-output>
        </test-method> <!-- selectLevel2 -->
        <test-method is-config="true" signature="afterClass()[pri:0, instance:com.IdentifyCourse.LanguageLearningTestCase@29626d54]" started-at="2021-07-16T00:37:55Z" name="afterClass" finished-at="2021-07-16T00:38:09Z" duration-ms="14005" status="PASS">
          <reporter-output>
          </reporter-output>
        </test-method> <!-- afterClass -->
      </class> <!-- com.IdentifyCourse.LanguageLearningTestCase -->
    </test> <!-- Surefire test -->
  </suite> <!-- Surefire suite -->
</testng-results>
