<?xml version="1.0" encoding="UTF-8"?>
<testsuite xmlns:xsi="http://www.w3.org/2001/XMLSchema-instance" xsi:noNamespaceSchemaLocation="https://maven.apache.org/surefire/maven-surefire-plugin/xsd/surefire-test-report.xsd" name="TestSuite" time="262.059" tests="9" errors="0" skipped="0" failures="0">
  <properties>
[...]
</properties>
  <testcase name="openWebSite" classname="com.IdentifyCourse.FormFillingTestCase" time="12.033"/>
  <testcase name="enterprise" classname="com.IdentifyCourse.FormFillingTestCase" time="42.106"/>
  <testcase name="formfilling" classname="com.IdentifyCourse.FormFillingTestCase" time="7.765"/>
  <testcase name="openWebSite" classname="com.IdentifyCourse.IdentifyCourseTestCase" time="14.25"/>
  <testcase name="execution" classname="com.IdentifyCourse.IdentifyCourseTestCase" time="90.62"/>
  <testcase name="openWebSite" classname="com.IdentifyCourse.LanguageLearningTestCase" time="11.665"/>
  <testcase name="secondCourse" classname="com.IdentifyCourse.LanguageLearningTestCase" time="13.961"/>
  <testcase name="selectLanguage2" classname="com.IdentifyCourse.LanguageLearningTestCase" time="34.725"/>
  <testcase name="selectLevel2" classname="com.IdentifyCourse.LanguageLearningTestCase" time="1.094"/>
</testsuite>